[INFO] Scanning for projects...
[INFO] 
[INFO] -----------------------< org.example:untitled2 >------------------------
[INFO] Building untitled2 1.0-SNAPSHOT
[INFO] --------------------------------[ jar ]---------------------------------
[INFO] 
[INFO] --- maven-clean-plugin:2.5:clean (default-clean) @ untitled2 ---
[INFO] Deleting C:\Users\Nikif\IdeaProjects\untitled2\target
[INFO] 
[INFO] --- maven-resources-plugin:2.6:resources (default-resources) @ untitled2 ---
[WARNING] Using platform encoding (Cp1251 actually) to copy filtered resources, i.e. build is platform dependent!
[INFO] Copying 5 resources
[INFO] 
[INFO] --- maven-compiler-plugin:3.1:compile (default-compile) @ untitled2 ---
[INFO] Changes detected - recompiling the module!
[INFO] Compiling 5 source files to C:\Users\Nikif\IdeaProjects\untitled2\target\classes
[INFO] 
[INFO] --- maven-resources-plugin:2.6:testResources (default-testResources) @ untitled2 ---
[WARNING] Using platform encoding (Cp1251 actually) to copy filtered resources, i.e. build is platform dependent!
[INFO] skip non existing resourceDirectory C:\Users\Nikif\IdeaProjects\untitled2\src\test\resources
[INFO] 
[INFO] --- maven-compiler-plugin:3.1:testCompile (default-testCompile) @ untitled2 ---
[INFO] Changes detected - recompiling the module!
[INFO] Compiling 1 source file to C:\Users\Nikif\IdeaProjects\untitled2\target\test-classes
[INFO] 
[INFO] --- maven-surefire-plugin:2.12.4:test (default-test) @ untitled2 ---
[INFO] Surefire report directory: C:\Users\Nikif\IdeaProjects\untitled2\target\surefire-reports

-------------------------------------------------------
 T E S T S
-------------------------------------------------------

Results :

Tests run: 0, Failures: 0, Errors: 0, Skipped: 0

[INFO] ------------------------------------------------------------------------
[INFO] BUILD FAILURE
[INFO] ------------------------------------------------------------------------
[INFO] Total time:  3.558 s
[INFO] Finished at: 2020-11-25T21:30:34+05:00
[INFO] ------------------------------------------------------------------------
[ERROR] Failed to execute goal org.apache.maven.plugins:maven-surefire-plugin:2.12.4:test (default-test) on project untitled2: Execution default-test of goal org.apache.maven.plugins:maven-surefire-plugin:2.12.4:test failed: The forked VM terminated without saying properly goodbye. VM crash or System.exit called ? -> [Help 1]
[ERROR] 
[ERROR] To see the full stack trace of the errors, re-run Maven with the -e switch.
[ERROR] Re-run Maven using the -X switch to enable full debug logging.
[ERROR] 
[ERROR] For more information about the errors and possible solutions, please read the following articles:
[ERROR] [Help 1] http://cwiki.apache.org/confluence/display/MAVEN/PluginExecutionException
